# JRE version: OpenJDK Runtime Environment Microsoft-8297089 (17.0.8.1+1) (build 17.0.8.1+1-LTS)
# Java VM: OpenJDK 64-Bit Server VM Microsoft-8297089 (17.0.8.1+1-LTS, mixed mode, sharing, tiered, compressed oops, compressed class ptrs, g1 gc, windows-amd64)
GC Precious Log:
 CPUs: 4 total, 4 available
 Memory: 7932M
 Large Page Support: Disabled
 NUMA Support: Disabled
 Compressed Oops: Enabled (32-bit)
 Heap Region Size: 1M
 Heap Min Capacity: 8M
 Heap Initial Capacity: 124M
 Heap Max Capacity: 2G
 Pre-touch: Disabled
 Parallel Workers: 4
 Concurrent Workers: 1
 Concurrent Refinement Workers: 4
 Periodic GC: Disabled
Heap:
 garbage-first heap   total 299008K, used 132170K [0x0000000080000000, 0x0000000100000000)
  region size 1024K, 23 young (23552K), 11 survivors (11264K)
 Metaspace       used 91523K, committed 92352K, reserved 557056K
  class space    used 12612K, committed 13056K, reserved 425984K
GC Heap History (20 events):
Event: 20.770 GC heap before
{Heap before GC invocations=21 (full 0):
 garbage-first heap   total 196608K, used 158990K [0x0000000080000000, 0x0000000100000000)
  region size 1024K, 96 young (98304K), 13 survivors (13312K)
 Metaspace       used 72635K, committed 73280K, reserved 491520K
  class space    used 9947K, committed 10240K, reserved 425984K
}
Event: 20.814 GC heap after
{Heap after GC invocations=22 (full 0):
 garbage-first heap   total 196608K, used 74934K [0x0000000080000000, 0x0000000100000000)
  region size 1024K, 9 young (9216K), 9 survivors (9216K)
 Metaspace       used 72635K, committed 73280K, reserved 491520K
  class space    used 9947K, committed 10240K, reserved 425984K
}
Event: 25.129 GC heap before
{Heap before GC invocations=22 (full 0):
 garbage-first heap   total 196608K, used 151734K [0x0000000080000000, 0x0000000100000000)
  region size 1024K, 84 young (86016K), 9 survivors (9216K)
 Metaspace       used 77520K, committed 78144K, reserved 557056K
  class space    used 10805K, committed 11072K, reserved 425984K
}
Event: 25.170 GC heap after
{Heap after GC invocations=23 (full 0):
 garbage-first heap   total 196608K, used 81467K [0x0000000080000000, 0x0000000100000000)
  region size 1024K, 7 young (7168K), 7 survivors (7168K)
 Metaspace       used 77520K, committed 78144K, reserved 557056K
  class space    used 10805K, committed 11072K, reserved 425984K
}
Event: 27.399 GC heap before
{Heap before GC invocations=23 (full 0):
 garbage-first heap   total 196608K, used 155195K [0x0000000080000000, 0x0000000100000000)
  region size 1024K, 79 young (80896K), 7 survivors (7168K)
 Metaspace       used 82322K, committed 83008K, reserved 557056K
  class space    used 11504K, committed 11840K, reserved 425984K
}
Event: 27.434 GC heap after
{Heap after GC invocations=24 (full 0):
 garbage-first heap   total 196608K, used 86378K [0x0000000080000000, 0x0000000100000000)
  region size 1024K, 5 young (5120K), 5 survivors (5120K)
 Metaspace       used 82322K, committed 83008K, reserved 557056K
  class space    used 11504K, committed 11840K, reserved 425984K
}
Event: 34.157 GC heap before
{Heap before GC invocations=24 (full 0):
 garbage-first heap   total 196608K, used 156010K [0x0000000080000000, 0x0000000100000000)
  region size 1024K, 74 young (75776K), 5 survivors (5120K)
 Metaspace       used 85390K, committed 86208K, reserved 557056K
  class space    used 11883K, committed 12288K, reserved 425984K
}
Event: 34.201 GC heap after
{Heap after GC invocations=25 (full 0):
 garbage-first heap   total 196608K, used 92816K [0x0000000080000000, 0x0000000100000000)
  region size 1024K, 10 young (10240K), 10 survivors (10240K)
 Metaspace       used 85390K, committed 86208K, reserved 557056K
  class space    used 11883K, committed 12288K, reserved 425984K
}
Event: 39.148 GC heap before
{Heap before GC invocations=25 (full 0):
 garbage-first heap   total 196608K, used 157328K [0x0000000080000000, 0x0000000100000000)
  region size 1024K, 73 young (74752K), 10 survivors (10240K)
 Metaspace       used 90114K, committed 90880K, reserved 557056K
  class space    used 12490K, committed 12864K, reserved 425984K
}
Event: 39.201 GC heap after
{Heap after GC invocations=26 (full 0):
 garbage-first heap   total 196608K, used 100099K [0x0000000080000000, 0x0000000100000000)
  region size 1024K, 8 young (8192K), 8 survivors (8192K)
 Metaspace       used 90114K, committed 90880K, reserved 557056K
  class space    used 12490K, committed 12864K, reserved 425984K
}
Event: 41.224 GC heap before
{Heap before GC invocations=26 (full 0):
 garbage-first heap   total 196608K, used 156419K [0x0000000080000000, 0x0000000100000000)
  region size 1024K, 64 young (65536K), 8 survivors (8192K)
 Metaspace       used 91064K, committed 91840K, reserved 557056K
  class space    used 12585K, committed 12992K, reserved 425984K
}
Event: 41.267 GC heap after
{Heap after GC invocations=27 (full 0):
 garbage-first heap   total 196608K, used 107004K [0x0000000080000000, 0x0000000100000000)
  region size 1024K, 7 young (7168K), 7 survivors (7168K)
 Metaspace       used 91064K, committed 91840K, reserved 557056K
  class space    used 12585K, committed 12992K, reserved 425984K
}
Event: 42.582 GC heap before
{Heap before GC invocations=28 (full 0):
 garbage-first heap   total 204800K, used 162300K [0x0000000080000000, 0x0000000100000000)
  region size 1024K, 58 young (59392K), 7 survivors (7168K)
 Metaspace       used 91134K, committed 91904K, reserved 557056K
  class space    used 12586K, committed 12992K, reserved 425984K
}
Event: 42.607 GC heap after
{Heap after GC invocations=29 (full 0):
 garbage-first heap   total 204800K, used 109929K [0x0000000080000000, 0x0000000100000000)
  region size 1024K, 3 young (3072K), 3 survivors (3072K)
 Metaspace       used 91134K, committed 91904K, reserved 557056K
  class space    used 12586K, committed 12992K, reserved 425984K
}
Event: 42.749 GC heap before
{Heap before GC invocations=29 (full 0):
 garbage-first heap   total 204800K, used 116073K [0x0000000080000000, 0x0000000100000000)
  region size 1024K, 10 young (10240K), 3 survivors (3072K)
 Metaspace       used 91182K, committed 92032K, reserved 557056K
  class space    used 12586K, committed 12992K, reserved 425984K
}
Event: 42.770 GC heap after
{Heap after GC invocations=30 (full 0):
 garbage-first heap   total 204800K, used 107215K [0x0000000080000000, 0x0000000100000000)
  region size 1024K, 1 young (1024K), 1 survivors (1024K)
 Metaspace       used 91182K, committed 92032K, reserved 557056K
  class space    used 12586K, committed 12992K, reserved 425984K
}
Event: 43.110 GC heap before
{Heap before GC invocations=30 (full 0):
 garbage-first heap   total 204800K, used 122575K [0x0000000080000000, 0x0000000100000000)
  region size 1024K, 18 young (18432K), 1 survivors (1024K)
 Metaspace       used 91225K, committed 92032K, reserved 557056K
  class space    used 12587K, committed 12992K, reserved 425984K
}
Event: 43.120 GC heap after
{Heap after GC invocations=31 (full 0):
 garbage-first heap   total 299008K, used 108193K [0x0000000080000000, 0x0000000100000000)
  region size 1024K, 2 young (2048K), 2 survivors (2048K)
 Metaspace       used 91225K, committed 92032K, reserved 557056K
  class space    used 12587K, committed 12992K, reserved 425984K
}
Event: 45.371 GC heap before
{Heap before GC invocations=31 (full 0):
 garbage-first heap   total 299008K, used 244385K [0x0000000080000000, 0x0000000100000000)
  region size 1024K, 109 young (111616K), 2 survivors (2048K)
 Metaspace       used 91493K, committed 92352K, reserved 557056K
  class space    used 12609K, committed 13056K, reserved 425984K
}
Event: 45.407 GC heap after
{Heap after GC invocations=32 (full 0):
 garbage-first heap   total 299008K, used 116810K [0x0000000080000000, 0x0000000100000000)
  region size 1024K, 11 young (11264K), 11 survivors (11264K)
 Metaspace       used 91493K, committed 92352K, reserved 557056K
  class space    used 12609K, committed 13056K, reserved 425984K
}

