# JRE version: OpenJDK Runtime Environment Microsoft-8297089 (17.0.8.1+1) (build 17.0.8.1+1-LTS)
# Java VM: OpenJDK 64-Bit Server VM Microsoft-8297089 (17.0.8.1+1-LTS, mixed mode, sharing, tiered, compressed oops, compressed class ptrs, g1 gc, windows-amd64)
GC Precious Log:
 CPUs: 4 total, 4 available
 Memory: 7932M
 Large Page Support: Disabled
 NUMA Support: Disabled
 Compressed Oops: Enabled (32-bit)
 Heap Region Size: 1M
 Heap Min Capacity: 8M
 Heap Initial Capacity: 124M
 Heap Max Capacity: 2G
 Pre-touch: Disabled
 Parallel Workers: 4
 Concurrent Workers: 1
 Concurrent Refinement Workers: 4
 Periodic GC: Disabled
Heap:
 garbage-first heap   total 307200K, used 183273K [0x0000000080000000, 0x0000000100000000)
  region size 1024K, 62 young (63488K), 11 survivors (11264K)
 Metaspace       used 94726K, committed 95680K, reserved 557056K
  class space    used 12886K, committed 13376K, reserved 425984K
GC Heap History (20 events):
Event: 20.711 GC heap before
{Heap before GC invocations=24 (full 0):
 garbage-first heap   total 118784K, used 68323K [0x0000000080000000, 0x0000000100000000)
  region size 1024K, 6 young (6144K), 5 survivors (5120K)
 Metaspace       used 65178K, committed 65792K, reserved 491520K
  class space    used 8999K, committed 9280K, reserved 425984K
}
Event: 20.722 GC heap after
{Heap after GC invocations=25 (full 0):
 garbage-first heap   total 118784K, used 67111K [0x0000000080000000, 0x0000000100000000)
  region size 1024K, 1 young (1024K), 1 survivors (1024K)
 Metaspace       used 65178K, committed 65792K, reserved 491520K
  class space    used 8999K, committed 9280K, reserved 425984K
}
Event: 21.428 GC heap before
{Heap before GC invocations=25 (full 0):
 garbage-first heap   total 118784K, used 82471K [0x0000000080000000, 0x0000000100000000)
  region size 1024K, 18 young (18432K), 1 survivors (1024K)
 Metaspace       used 67775K, committed 68480K, reserved 491520K
  class space    used 9306K, committed 9600K, reserved 425984K
}
Event: 21.434 GC heap after
{Heap after GC invocations=26 (full 0):
 garbage-first heap   total 118784K, used 69434K [0x0000000080000000, 0x0000000100000000)
  region size 1024K, 3 young (3072K), 3 survivors (3072K)
 Metaspace       used 67775K, committed 68480K, reserved 491520K
  class space    used 9306K, committed 9600K, reserved 425984K
}
Event: 22.308 GC heap before
{Heap before GC invocations=27 (full 0):
 garbage-first heap   total 153600K, used 102202K [0x0000000080000000, 0x0000000100000000)
  region size 1024K, 29 young (29696K), 3 survivors (3072K)
 Metaspace       used 69155K, committed 69824K, reserved 491520K
  class space    used 9493K, committed 9792K, reserved 425984K
}
Event: 22.320 GC heap after
{Heap after GC invocations=28 (full 0):
 garbage-first heap   total 153600K, used 73438K [0x0000000080000000, 0x0000000100000000)
  region size 1024K, 4 young (4096K), 4 survivors (4096K)
 Metaspace       used 69155K, committed 69824K, reserved 491520K
  class space    used 9493K, committed 9792K, reserved 425984K
}
Event: 22.416 GC heap before
{Heap before GC invocations=28 (full 0):
 garbage-first heap   total 153600K, used 76510K [0x0000000080000000, 0x0000000100000000)
  region size 1024K, 7 young (7168K), 4 survivors (4096K)
 Metaspace       used 69389K, committed 70016K, reserved 491520K
  class space    used 9526K, committed 9792K, reserved 425984K
}
Event: 22.426 GC heap after
{Heap after GC invocations=29 (full 0):
 garbage-first heap   total 153600K, used 74292K [0x0000000080000000, 0x0000000100000000)
  region size 1024K, 1 young (1024K), 1 survivors (1024K)
 Metaspace       used 69389K, committed 70016K, reserved 491520K
  class space    used 9526K, committed 9792K, reserved 425984K
}
Event: 23.157 GC heap before
{Heap before GC invocations=29 (full 0):
 garbage-first heap   total 153600K, used 96820K [0x0000000080000000, 0x0000000100000000)
  region size 1024K, 24 young (24576K), 1 survivors (1024K)
 Metaspace       used 71546K, committed 72192K, reserved 491520K
  class space    used 9781K, committed 10048K, reserved 425984K
}
Event: 23.168 GC heap after
{Heap after GC invocations=30 (full 0):
 garbage-first heap   total 307200K, used 75279K [0x0000000080000000, 0x0000000100000000)
  region size 1024K, 2 young (2048K), 2 survivors (2048K)
 Metaspace       used 71546K, committed 72192K, reserved 491520K
  class space    used 9781K, committed 10048K, reserved 425984K
}
Event: 30.190 GC heap before
{Heap before GC invocations=30 (full 0):
 garbage-first heap   total 307200K, used 238095K [0x0000000080000000, 0x0000000100000000)
  region size 1024K, 160 young (163840K), 2 survivors (2048K)
 Metaspace       used 82318K, committed 83008K, reserved 557056K
  class space    used 11508K, committed 11776K, reserved 425984K
}
Event: 30.236 GC heap after
{Heap after GC invocations=31 (full 0):
 garbage-first heap   total 307200K, used 86408K [0x0000000080000000, 0x0000000100000000)
  region size 1024K, 13 young (13312K), 13 survivors (13312K)
 Metaspace       used 82318K, committed 83008K, reserved 557056K
  class space    used 11508K, committed 11776K, reserved 425984K
}
Event: 41.444 GC heap before
{Heap before GC invocations=31 (full 0):
 garbage-first heap   total 307200K, used 231816K [0x0000000080000000, 0x0000000100000000)
  region size 1024K, 155 young (158720K), 13 survivors (13312K)
 Metaspace       used 90200K, committed 91008K, reserved 557056K
  class space    used 12506K, committed 12864K, reserved 425984K
}
Event: 41.518 GC heap after
{Heap after GC invocations=32 (full 0):
 garbage-first heap   total 307200K, used 100213K [0x0000000080000000, 0x0000000100000000)
  region size 1024K, 14 young (14336K), 14 survivors (14336K)
 Metaspace       used 90200K, committed 91008K, reserved 557056K
  class space    used 12506K, committed 12864K, reserved 425984K
}
Event: 45.658 GC heap before
{Heap before GC invocations=32 (full 0):
 garbage-first heap   total 307200K, used 243573K [0x0000000080000000, 0x0000000100000000)
  region size 1024K, 147 young (150528K), 14 survivors (14336K)
 Metaspace       used 91264K, committed 92032K, reserved 557056K
  class space    used 12602K, committed 12992K, reserved 425984K
}
Event: 45.753 GC heap after
{Heap after GC invocations=33 (full 0):
 garbage-first heap   total 307200K, used 110489K [0x0000000080000000, 0x0000000100000000)
  region size 1024K, 11 young (11264K), 11 survivors (11264K)
 Metaspace       used 91264K, committed 92032K, reserved 557056K
  class space    used 12602K, committed 12992K, reserved 425984K
}
Event: 48.481 GC heap before
{Heap before GC invocations=33 (full 0):
 garbage-first heap   total 307200K, used 270233K [0x0000000080000000, 0x0000000100000000)
  region size 1024K, 140 young (143360K), 11 survivors (11264K)
 Metaspace       used 91654K, committed 92480K, reserved 557056K
  class space    used 12636K, committed 13056K, reserved 425984K
}
Event: 48.563 GC heap after
{Heap after GC invocations=34 (full 0):
 garbage-first heap   total 307200K, used 120320K [0x0000000080000000, 0x0000000100000000)
  region size 1024K, 11 young (11264K), 11 survivors (11264K)
 Metaspace       used 91654K, committed 92480K, reserved 557056K
  class space    used 12636K, committed 13056K, reserved 425984K
}
Event: 1493.055 GC heap before
{Heap before GC invocations=34 (full 0):
 garbage-first heap   total 307200K, used 249344K [0x0000000080000000, 0x0000000100000000)
  region size 1024K, 134 young (137216K), 11 survivors (11264K)
 Metaspace       used 94397K, committed 95296K, reserved 557056K
  class space    used 12867K, committed 13312K, reserved 425984K
}
Event: 1493.123 GC heap after
{Heap after GC invocations=35 (full 0):
 garbage-first heap   total 307200K, used 132073K [0x0000000080000000, 0x0000000100000000)
  region size 1024K, 11 young (11264K), 11 survivors (11264K)
 Metaspace       used 94397K, committed 95296K, reserved 557056K
  class space    used 12867K, committed 13312K, reserved 425984K
}

